{
  "timestamp": "2025-08-04T11:12:36.281Z",
  "duration": "38.88s",
  "success": true,
  "results": {
    "build": {
      "success": true,
      "output": "\n> rest-express@1.0.0 build\n> vite build && esbuild server/index.ts --platform=node --packages=external --bundle --format=esm --outdir=dist\n\nvite v5.4.19 building for production...\ntransforming...\n✓ 3445 modules transformed.\nrendering chunks...\ncomputing gzip size...\n../dist/public/index.html                             1.76 kB │ gzip:   0.76 kB\n../dist/public/assets/index-DkNeLyHx.css             97.15 kB │ gzip:  15.97 kB\n../dist/public/assets/test-auth-flow-DeQBf34b.js      3.70 kB │ gzip:   1.60 kB\n../dist/public/assets/index-C14XEC4B.js           1,304.32 kB │ gzip: 347.39 kB\n✓ built in 14.15s\n"
    },
    "lint": null,
    "typeCheck": {
      "success": false,
      "error": "Command failed: npx tsc --project tsconfig.deploy.json --noEmit",
      "output": "client/src/components/contract-manager.tsx(176,24): error TS2339: Property 'length' does not exist on type 'unknown'.\nclient/src/components/contract-manager.tsx(196,25): error TS2339: Property 'length' does not exist on type 'unknown'.\nclient/src/components/contract-manager.tsx(216,26): error TS2339: Property 'map' does not exist on type 'unknown'.\nclient/src/pages/admin-reports.tsx(84,69): error TS2339: Property 'totalUsers' does not exist on type 'unknown'.\nclient/src/pages/admin-reports.tsx(98,69): error TS2339: Property 'totalVehicles' does not exist on type 'unknown'.\nclient/src/pages/admin-reports.tsx(113,38): error TS2339: Property 'totalRevenue' does not exist on type 'unknown'.\nclient/src/pages/admin-reports.tsx(128,69): error TS2339: Property 'activeBookings' does not exist on type 'unknown'.\nclient/src/pages/admin-reports.tsx(142,69): error TS2339: Property 'conversionRate' does not exist on type 'unknown'.\nclient/src/pages/admin-reports.tsx(156,69): error TS2339: Property 'avgRating' does not exist on type 'unknown'.\nclient/src/pages/contract-preview.tsx(20,22): error TS18047: 'contractParams' is possibly 'null'.\nclient/src/pages/contract-preview.tsx(21,21): error TS18047: 'bookingParams' is possibly 'null'.\nclient/src/pages/vehicle-detail.tsx(41,21): error TS18047: 'params' is possibly 'null'.\nclient/src/pages/vehicle-detail.tsx(41,50): error TS2339: Property 'id' does not exist on type 'never'.\nclient/src/pages/vehicle-edit.tsx(24,21): error TS18047: 'params' is possibly 'null'.\nserver/routes.ts(705,66): error TS2339: Property 'email' does not exist on type '{}'.\nserver/routes.ts(711,57): error TS2339: Property 'password' does not exist on type '{}'.\nserver/routes.ts(1878,21): error TS2339: Property 'vehicleId' does not exist on type '{}'.\nserver/routes.ts(1879,21): error TS2339: Property 'startDate' does not exist on type '{}'.\nserver/routes.ts(1880,21): error TS2339: Property 'endDate' does not exist on type '{}'.\nserver/routes.ts(2233,26): error TS2339: Property 'startDate' does not exist on type '{}'.\nserver/routes.ts(2234,26): error TS2339: Property 'endDate' does not exist on type '{}'.\nserver/routes.ts(3735,11): error TS2353: Object literal may only specify known properties, and 'status' does not exist in type '{ userId?: number | SQL<unknown> | PgColumn<ColumnBaseConfig<ColumnDataType, string>, {}, {}>; planId?: number | SQL<unknown> | PgColumn<ColumnBaseConfig<...>, {}, {}>; currentPeriodStart?: Date | ... 1 more ... | PgColumn<...>; currentPeriodEnd?: Date | ... 1 more ... | PgColumn<...>; }'.\nserver/routes.ts(4404,11): error TS2353: Object literal may only specify known properties, and 'description' does not exist in type '{ name: string; maxVehicleListings: number; displayName: string; monthlyPrice: string; annualPrice: string; }'.\nserver/routes.ts(4441,9): error TS2353: Object literal may only specify known properties, and 'status' does not exist in type '{ userId: number; planId: number; currentPeriodStart: Date; currentPeriodEnd: Date; }'.\nserver/services/contractService.ts(212,15): error TS2339: Property 'renterSigned' does not exist on type 'Partial<{}>'.\nserver/services/contractService.ts(213,15): error TS2339: Property 'renterSignedAt' does not exist on type 'Partial<{}>'.\nserver/services/contractService.ts(214,15): error TS2339: Property 'renterSignatureIp' does not exist on type 'Partial<{}>'.\nserver/services/contractService.ts(215,15): error TS2339: Property 'renterSignatureEvidence' does not exist on type 'Partial<{}>'.\nserver/services/contractService.ts(219,15): error TS2339: Property 'ownerSigned' does not exist on type 'Partial<{}>'.\nserver/services/contractService.ts(220,15): error TS2339: Property 'ownerSignedAt' does not exist on type 'Partial<{}>'.\nserver/services/contractService.ts(221,15): error TS2339: Property 'ownerSignatureIp' does not exist on type 'Partial<{}>'.\nserver/services/contractService.ts(222,15): error TS2339: Property 'ownerSignatureEvidence' does not exist on type 'Partial<{}>'.\nserver/services/contractService.ts(231,15): error TS2339: Property 'status' does not exist on type 'Partial<{}>'.\nserver/services/contractService.ts(232,15): error TS2339: Property 'signedPdfUrl' does not exist on type 'Partial<{}>'.\nserver/services/vehicleReleaseService.ts(40,25): error TS2551: Property 'removeVehicleAvailability' does not exist on type 'DatabaseStorage'. Did you mean 'getVehicleAvailability'?\nserver/services/vehicleReleaseService.ts(44,46): error TS2551: Property 'getVehicleWaitingQueue' does not exist on type 'DatabaseStorage'. Did you mean 'getWaitingQueue'?\nserver/storage.ts(224,15): error TS2769: No overload matches this call.\n  Overload 1 of 2, '(value: { name: string | SQL<unknown> | Placeholder<string, any>; email: string | SQL<unknown> | Placeholder<string, any>; password: string | SQL<unknown> | Placeholder<...>; }): PgInsertBase<...>', gave the following error.\n    Argument of type '{}' is not assignable to parameter of type '{ name: string | SQL<unknown> | Placeholder<string, any>; email: string | SQL<unknown> | Placeholder<string, any>; password: string | SQL<unknown> | Placeholder<string, any>; }'.\n      Type '{}' is missing the following properties from type '{ name: string | SQL<unknown> | Placeholder<string, any>; email: string | SQL<unknown> | Placeholder<string, any>; password: string | SQL<unknown> | Placeholder<string, any>; }': name, email, password\n  Overload 2 of 2, '(values: { name: string | SQL<unknown> | Placeholder<string, any>; email: string | SQL<unknown> | Placeholder<string, any>; password: string | SQL<unknown> | Placeholder<...>; }[]): PgInsertBase<...>', gave the following error.\n    Argument of type '{}' is not assignable to parameter of type '{ name: string | SQL<unknown> | Placeholder<string, any>; email: string | SQL<unknown> | Placeholder<string, any>; password: string | SQL<unknown> | Placeholder<string, any>; }[]'.\n      Type '{}' is missing the following properties from type '{ name: string | SQL<unknown> | Placeholder<string, any>; email: string | SQL<unknown> | Placeholder<string, any>; password: string | SQL<unknown> | Placeholder<string, any>; }[]': length, pop, push, concat, and 35 more.\nserver/storage.ts(229,9): error TS2393: Duplicate function implementation.\nserver/storage.ts(322,9): error TS2353: Object literal may only specify known properties, and 'status' does not exist in type '{ brand?: string | SQL<unknown> | PgColumn<ColumnBaseConfig<ColumnDataType, string>, {}, {}>; location?: string | SQL<unknown> | PgColumn<...>; ... 6 more ...; pricePerDay?: string | ... 1 more ... | PgColumn<...>; }'.\nserver/storage.ts(337,9): error TS2353: Object literal may only specify known properties, and 'status' does not exist in type '{ brand?: string | SQL<unknown> | PgColumn<ColumnBaseConfig<ColumnDataType, string>, {}, {}>; location?: string | SQL<unknown> | PgColumn<...>; ... 6 more ...; pricePerDay?: string | ... 1 more ... | PgColumn<...>; }'.\nserver/storage.ts(418,7): error TS2322: Type '{ id: any; ownerId: any; brand: any; model: any; year: any; color: any; transmission: any; fuel: any; seats: any; category: any; features: any; images: any; location: any; latitude: any; longitude: any; pricePerDay: any; ... 11 more ...; owner: { ...; }; }[]' is not assignable to type 'VehicleWithOwner[]'.\n  Type '{ id: any; ownerId: any; brand: any; model: any; year: any; color: any; transmission: any; fuel: any; seats: any; category: any; features: any; images: any; location: any; latitude: any; longitude: any; pricePerDay: any; ... 11 more ...; owner: { ...; }; }' is not assignable to type 'VehicleWithOwner'.\n    Type '{ id: any; ownerId: any; brand: any; model: any; year: any; color: any; transmission: any; fuel: any; seats: any; category: any; features: any; images: any; location: any; latitude: any; longitude: any; pricePerDay: any; ... 11 more ...; owner: { ...; }; }' is missing the following properties from type '{ id: number; brand: string; isVerified: boolean; rating: string; location: string; createdAt: Date; updatedAt: Date; ownerId: number; model: string; year: number; color: string; licensePlate: string; ... 23 more ...; highlightUsageCount: number; }': crlvDocument, status, statusReason, reviewedBy, and 5 more.\nserver/storage.ts(466,9): error TS2769: No overload matches this call.\n  Overload 1 of 2, '(value: { brand: string | SQL<unknown> | Placeholder<string, any>; location: string | SQL<unknown> | Placeholder<string, any>; ownerId: number | SQL<unknown> | Placeholder<...>; ... 5 more ...; pricePerDay: string | ... 1 more ... | Placeholder<...>; }): PgInsertBase<...>', gave the following error.\n    Object literal may only specify known properties, and 'features' does not exist in type '{ brand: string | SQL<unknown> | Placeholder<string, any>; location: string | SQL<unknown> | Placeholder<string, any>; ownerId: number | SQL<unknown> | Placeholder<...>; ... 5 more ...; pricePerDay: string | ... 1 more ... | Placeholder<...>; }'.\n  Overload 2 of 2, '(values: { brand: string | SQL<unknown> | Placeholder<string, any>; location: string | SQL<unknown> | Placeholder<string, any>; ownerId: number | SQL<unknown> | Placeholder<...>; ... 5 more ...; pricePerDay: string | ... 1 more ... | Placeholder<...>; }[]): PgInsertBase<...>', gave the following error.\n    Object literal may only specify known properties, and 'features' does not exist in type '{ brand: string | SQL<unknown> | Placeholder<string, any>; location: string | SQL<unknown> | Placeholder<string, any>; ownerId: number | SQL<unknown> | Placeholder<...>; ... 5 more ...; pricePerDay: string | ... 1 more ... | Placeholder<...>; }[]'.\nserver/storage.ts(466,34): error TS2339: Property 'features' does not exist on type '{ brand?: string; model?: string; licensePlate?: string; renavam?: string; pricePerDay?: string; pricePerWeek?: string; pricePerMonth?: string; crlvDocument?: string; status?: \"pending\" | \"approved\" | \"rejected\"; statusReason?: string; }'.\nserver/storage.ts(467,32): error TS2339: Property 'images' does not exist on type '{ brand?: string; model?: string; licensePlate?: string; renavam?: string; pricePerDay?: string; pricePerWeek?: string; pricePerMonth?: string; crlvDocument?: string; status?: \"pending\" | \"approved\" | \"rejected\"; statusReason?: string; }'.\nserver/storage.ts(479,23): error TS2339: Property 'features' does not exist on type 'Partial<{ brand?: string; model?: string; licensePlate?: string; renavam?: string; pricePerDay?: string; pricePerWeek?: string; pricePerMonth?: string; crlvDocument?: string; status?: \"pending\" | \"approved\" | \"rejected\"; statusReason?: string; }>'.\nserver/storage.ts(480,43): error TS2339: Property 'features' does not exist on type 'Partial<{ brand?: string; model?: string; licensePlate?: string; renavam?: string; pricePerDay?: string; pricePerWeek?: string; pricePerMonth?: string; crlvDocument?: string; status?: \"pending\" | \"approved\" | \"rejected\"; statusReason?: string; }>'.\nserver/storage.ts(483,23): error TS2339: Property 'images' does not exist on type 'Partial<{ brand?: string; model?: string; licensePlate?: string; renavam?: string; pricePerDay?: string; pricePerWeek?: string; pricePerMonth?: string; crlvDocument?: string; status?: \"pending\" | \"approved\" | \"rejected\"; statusReason?: string; }>'.\nserver/storage.ts(484,41): error TS2339: Property 'images' does not exist on type 'Partial<{ brand?: string; model?: string; licensePlate?: string; renavam?: string; pricePerDay?: string; pricePerWeek?: string; pricePerMonth?: string; crlvDocument?: string; status?: \"pending\" | \"approved\" | \"rejected\"; statusReason?: string; }>'.\nserver/storage.ts(538,9): error TS2561: Object literal may only specify known properties, but 'owner' does not exist in type '{ id: number; brand: string; isVerified: boolean; rating: string; location: string; createdAt: Date; updatedAt: Date; ownerId: number; model: string; year: number; color: string; licensePlate: string; ... 23 more ...; highlightUsageCount: number; }'. Did you mean to write 'ownerId'?\nserver/storage.ts(594,15): error TS2769: No overload matches this call.\n  Overload 1 of 2, '(value: { ownerId: number | SQL<unknown> | Placeholder<string, any>; vehicleId: number | SQL<unknown> | Placeholder<string, any>; renterId: number | SQL<unknown> | Placeholder<...>; startDate: Date | ... 1 more ... | Placeholder<...>; endDate: Date | ... 1 more ... | Placeholder<...>; totalPrice: string | ... 1 more ... | Placeholder<...>; }): PgInsertBase<...>', gave the following error.\n    Argument of type '{}' is not assignable to parameter of type '{ ownerId: number | SQL<unknown> | Placeholder<string, any>; vehicleId: number | SQL<unknown> | Placeholder<string, any>; renterId: number | SQL<unknown> | Placeholder<...>; startDate: Date | ... 1 more ... | Placeholder<...>; endDate: Date | ... 1 more ... | Placeholder<...>; totalPrice: string | ... 1 more ... | P...'.\n      Type '{}' is missing the following properties from type '{ ownerId: number | SQL<unknown> | Placeholder<string, any>; vehicleId: number | SQL<unknown> | Placeholder<string, any>; renterId: number | SQL<unknown> | Placeholder<...>; startDate: Date | ... 1 more ... | Placeholder<...>; endDate: Date | ... 1 more ... | Placeholder<...>; totalPrice: string | ... 1 more ... | P...': ownerId, vehicleId, renterId, startDate, and 2 more.\n  Overload 2 of 2, '(values: { ownerId: number | SQL<unknown> | Placeholder<string, any>; vehicleId: number | SQL<unknown> | Placeholder<string, any>; renterId: number | SQL<unknown> | Placeholder<...>; startDate: Date | ... 1 more ... | Placeholder<...>; endDate: Date | ... 1 more ... | Placeholder<...>; totalPrice: string | ... 1 more ... | Placeholder<...>; }[]): PgInsertBase<...>', gave the following error.\n    Argument of type '{}' is not assignable to parameter of type '{ ownerId: number | SQL<unknown> | Placeholder<string, any>; vehicleId: number | SQL<unknown> | Placeholder<string, any>; renterId: number | SQL<unknown> | Placeholder<...>; startDate: Date | ... 1 more ... | Placeholder<...>; endDate: Date | ... 1 more ... | Placeholder<...>; totalPrice: string | ... 1 more ... | P...'.\n      Type '{}' is missing the following properties from type '{ ownerId: number | SQL<unknown> | Placeholder<string, any>; vehicleId: number | SQL<unknown> | Placeholder<string, any>; renterId: number | SQL<unknown> | Placeholder<...>; startDate: Date | ... 1 more ... | Placeholder<...>; endDate: Date | ... 1 more ... | Placeholder<...>; totalPrice: string | ... 1 more ... | P...': length, pop, push, concat, and 35 more.\nserver/storage.ts(602,32): error TS2353: Object literal may only specify known properties, and 'updatedAt' does not exist in type '{ ownerId?: number | SQL<unknown> | PgColumn<ColumnBaseConfig<ColumnDataType, string>, {}, {}>; vehicleId?: number | SQL<unknown> | PgColumn<...>; renterId?: number | ... 1 more ... | PgColumn<...>; startDate?: Date | ... 1 more ... | PgColumn<...>; endDate?: Date | ... 1 more ... | PgColumn<...>; totalPrice?: strin...'.\nserver/storage.ts(630,8): error TS2769: No overload matches this call.\n  Overload 1 of 2, '(value: { vehicleId: number | SQL<unknown> | Placeholder<string, any>; startDate: string | SQL<unknown> | Placeholder<string, any>; endDate: string | SQL<unknown> | Placeholder<...>; }): PgInsertBase<...>', gave the following error.\n    Object literal may only specify known properties, and 'isAvailable' does not exist in type '{ vehicleId: number | SQL<unknown> | Placeholder<string, any>; startDate: string | SQL<unknown> | Placeholder<string, any>; endDate: string | SQL<unknown> | Placeholder<...>; }'.\n  Overload 2 of 2, '(values: { vehicleId: number | SQL<unknown> | Placeholder<string, any>; startDate: string | SQL<unknown> | Placeholder<string, any>; endDate: string | SQL<unknown> | Placeholder<...>; }[]): PgInsertBase<...>', gave the following error.\n    Object literal may only specify known properties, and 'vehicleId' does not exist in type '{ vehicleId: number | SQL<unknown> | Placeholder<string, any>; startDate: string | SQL<unknown> | Placeholder<string, any>; endDate: string | SQL<unknown> | Placeholder<...>; }[]'.\nserver/storage.ts(768,36): error TS2339: Property 'bookingId' does not exist on type 'PgTableWithColumns<{ name: \"vehicle_availability\"; schema: undefined; columns: { id: PgColumn<{ name: \"id\"; tableName: \"vehicle_availability\"; dataType: \"number\"; columnType: \"PgSerial\"; data: number; driverParam: number; ... 8 more ...; generated: undefined; }, {}, {}>; ... 5 more ...; createdAt: PgColumn<...>; }; ...'.\nserver/storage.ts(837,15): error TS2769: No overload matches this call.\n  Overload 1 of 2, '(value: { rating: number | SQL<unknown> | Placeholder<string, any>; bookingId: number | SQL<unknown> | Placeholder<string, any>; type: string | SQL<unknown> | Placeholder<...>; reviewerId: number | ... 1 more ... | Placeholder<...>; revieweeId: number | ... 1 more ... | Placeholder<...>; }): PgInsertBase<...>', gave the following error.\n    Argument of type '{}' is not assignable to parameter of type '{ rating: number | SQL<unknown> | Placeholder<string, any>; bookingId: number | SQL<unknown> | Placeholder<string, any>; type: string | SQL<unknown> | Placeholder<...>; reviewerId: number | ... 1 more ... | Placeholder<...>; revieweeId: number | ... 1 more ... | Placeholder<...>; }'.\n      Type '{}' is missing the following properties from type '{ rating: number | SQL<unknown> | Placeholder<string, any>; bookingId: number | SQL<unknown> | Placeholder<string, any>; type: string | SQL<unknown> | Placeholder<...>; reviewerId: number | ... 1 more ... | Placeholder<...>; revieweeId: number | ... 1 more ... | Placeholder<...>; }': rating, bookingId, type, reviewerId, revieweeId\n  Overload 2 of 2, '(values: { rating: number | SQL<unknown> | Placeholder<string, any>; bookingId: number | SQL<unknown> | Placeholder<string, any>; type: string | SQL<unknown> | Placeholder<...>; reviewerId: number | ... 1 more ... | Placeholder<...>; revieweeId: number | ... 1 more ... | Placeholder<...>; }[]): PgInsertBase<...>', gave the following error.\n    Argument of type '{}' is not assignable to parameter of type '{ rating: number | SQL<unknown> | Placeholder<string, any>; bookingId: number | SQL<unknown> | Placeholder<string, any>; type: string | SQL<unknown> | Placeholder<...>; reviewerId: number | ... 1 more ... | Placeholder<...>; revieweeId: number | ... 1 more ... | Placeholder<...>; }[]'.\n      Type '{}' is missing the following properties from type '{ rating: number | SQL<unknown> | Placeholder<string, any>; bookingId: number | SQL<unknown> | Placeholder<string, any>; type: string | SQL<unknown> | Placeholder<...>; reviewerId: number | ... 1 more ... | Placeholder<...>; revieweeId: number | ... 1 more ... | Placeholder<...>; }[]': length, pop, push, concat, and 35 more.\nserver/storage.ts(869,15): error TS2769: No overload matches this call.\n  Overload 1 of 2, '(value: { content: string | SQL<unknown> | Placeholder<string, any>; receiverId: number | SQL<unknown> | Placeholder<string, any>; senderId: number | SQL<unknown> | Placeholder<...>; }): PgInsertBase<...>', gave the following error.\n    Argument of type '{}' is not assignable to parameter of type '{ content: string | SQL<unknown> | Placeholder<string, any>; receiverId: number | SQL<unknown> | Placeholder<string, any>; senderId: number | SQL<unknown> | Placeholder<...>; }'.\n      Type '{}' is missing the following properties from type '{ content: string | SQL<unknown> | Placeholder<string, any>; receiverId: number | SQL<unknown> | Placeholder<string, any>; senderId: number | SQL<unknown> | Placeholder<...>; }': content, receiverId, senderId\n  Overload 2 of 2, '(values: { content: string | SQL<unknown> | Placeholder<string, any>; receiverId: number | SQL<unknown> | Placeholder<string, any>; senderId: number | SQL<unknown> | Placeholder<...>; }[]): PgInsertBase<...>', gave the following error.\n    Argument of type '{}' is not assignable to parameter of type '{ content: string | SQL<unknown> | Placeholder<string, any>; receiverId: number | SQL<unknown> | Placeholder<string, any>; senderId: number | SQL<unknown> | Placeholder<...>; }[]'.\n      Type '{}' is missing the following properties from type '{ content: string | SQL<unknown> | Placeholder<string, any>; receiverId: number | SQL<unknown> | Placeholder<string, any>; senderId: number | SQL<unknown> | Placeholder<...>; }[]': length, pop, push, concat, and 35 more.\nserver/storage.ts(877,14): error TS2353: Object literal may only specify known properties, and 'isRead' does not exist in type '{ content?: string | SQL<unknown> | PgColumn<ColumnBaseConfig<ColumnDataType, string>, {}, {}>; receiverId?: number | SQL<unknown> | PgColumn<...>; senderId?: number | ... 1 more ... | PgColumn<...>; }'.\nserver/storage.ts(901,9): error TS2393: Duplicate function implementation.\nserver/storage.ts(945,9): error TS2393: Duplicate function implementation.\nserver/storage.ts(1040,39): error TS2339: Property 'version' does not exist on type 'PgTableWithColumns<{ name: \"contract_templates\"; schema: undefined; columns: { id: PgColumn<{ name: \"id\"; tableName: \"contract_templates\"; dataType: \"number\"; columnType: \"PgSerial\"; data: number; driverParam: number; ... 8 more ...; generated: undefined; }, {}, {}>; ... 8 more ...; updatedAt: PgColumn<...>; }; dial...'.\nserver/storage.ts(1168,8): error TS2769: No overload matches this call.\n  Overload 1 of 2, '(value: { name: string | SQL<unknown> | Placeholder<string, any>; category: string | SQL<unknown> | Placeholder<string, any>; htmlTemplate: string | SQL<unknown> | Placeholder<...>; signaturePoints: SQL<...> | ... 1 more ... | Placeholder<...>; }): PgInsertBase<...>', gave the following error.\n    Argument of type '{}[]' is not assignable to parameter of type '{ name: string | SQL<unknown> | Placeholder<string, any>; category: string | SQL<unknown> | Placeholder<string, any>; htmlTemplate: string | SQL<unknown> | Placeholder<...>; signaturePoints: SQL<...> | ... 1 more ... | Placeholder<...>; }'.\n      Type '{}[]' is missing the following properties from type '{ name: string | SQL<unknown> | Placeholder<string, any>; category: string | SQL<unknown> | Placeholder<string, any>; htmlTemplate: string | SQL<unknown> | Placeholder<...>; signaturePoints: SQL<...> | ... 1 more ... | Placeholder<...>; }': name, category, htmlTemplate, signaturePoints\n  Overload 2 of 2, '(values: { name: string | SQL<unknown> | Placeholder<string, any>; category: string | SQL<unknown> | Placeholder<string, any>; htmlTemplate: string | SQL<unknown> | Placeholder<...>; signaturePoints: SQL<...> | ... 1 more ... | Placeholder<...>; }[]): PgInsertBase<...>', gave the following error.\n    Type '{}' is missing the following properties from type '{ name: string | SQL<unknown> | Placeholder<string, any>; category: string | SQL<unknown> | Placeholder<string, any>; htmlTemplate: string | SQL<unknown> | Placeholder<...>; signaturePoints: SQL<...> | ... 1 more ... | Placeholder<...>; }': name, category, htmlTemplate, signaturePoints\nserver/storage.ts(1258,15): error TS2769: No overload matches this call.\n  Overload 1 of 2, '(value: { name: string | SQL<unknown> | Placeholder<string, any>; }): PgInsertBase<PgTableWithColumns<{ name: \"vehicle_brands\"; schema: undefined; columns: { id: PgColumn<{ name: \"id\"; tableName: \"vehicle_brands\"; ... 12 more ...; generated: undefined; }, {}, {}>; name: PgColumn<...>; logoUrl: PgColumn<...>; isActive: PgColumn<...>; createdAt: PgColumn<...>; }; dialect: \"pg\"; }>, ... 4 more ..., never>', gave the following error.\n    Argument of type '{}' is not assignable to parameter of type '{ name: string | SQL<unknown> | Placeholder<string, any>; }'.\n      Property 'name' is missing in type '{}' but required in type '{ name: string | SQL<unknown> | Placeholder<string, any>; }'.\n  Overload 2 of 2, '(values: { name: string | SQL<unknown> | Placeholder<string, any>; }[]): PgInsertBase<PgTableWithColumns<{ name: \"vehicle_brands\"; schema: undefined; columns: { id: PgColumn<{ name: \"id\"; tableName: \"vehicle_brands\"; ... 12 more ...; generated: undefined; }, {}, {}>; name: PgColumn<...>; logoUrl: PgColumn<...>; isActive: PgColumn<...>; createdAt: PgColumn<...>; }; dialect: \"pg\"; }>, ... 4 more ..., never>', gave the following error.\n    Argument of type '{}' is not assignable to parameter of type '{ name: string | SQL<unknown> | Placeholder<string, any>; }[]'.\n      Type '{}' is missing the following properties from type '{ name: string | SQL<unknown> | Placeholder<string, any>; }[]': length, pop, push, concat, and 35 more.\nserver/storage.ts(1291,15): error TS2769: No overload matches this call.\n  Overload 1 of 2, '(value: { vehicleId: number | SQL<unknown> | Placeholder<string, any>; startDate: string | SQL<unknown> | Placeholder<string, any>; endDate: string | SQL<unknown> | Placeholder<...>; }): PgInsertBase<...>', gave the following error.\n    Argument of type '{}' is not assignable to parameter of type '{ vehicleId: number | SQL<unknown> | Placeholder<string, any>; startDate: string | SQL<unknown> | Placeholder<string, any>; endDate: string | SQL<unknown> | Placeholder<...>; }'.\n      Type '{}' is missing the following properties from type '{ vehicleId: number | SQL<unknown> | Placeholder<string, any>; startDate: string | SQL<unknown> | Placeholder<string, any>; endDate: string | SQL<unknown> | Placeholder<...>; }': vehicleId, startDate, endDate\n  Overload 2 of 2, '(values: { vehicleId: number | SQL<unknown> | Placeholder<string, any>; startDate: string | SQL<unknown> | Placeholder<string, any>; endDate: string | SQL<unknown> | Placeholder<...>; }[]): PgInsertBase<...>', gave the following error.\n    Argument of type '{}' is not assignable to parameter of type '{ vehicleId: number | SQL<unknown> | Placeholder<string, any>; startDate: string | SQL<unknown> | Placeholder<string, any>; endDate: string | SQL<unknown> | Placeholder<...>; }[]'.\n      Type '{}' is missing the following properties from type '{ vehicleId: number | SQL<unknown> | Placeholder<string, any>; startDate: string | SQL<unknown> | Placeholder<string, any>; endDate: string | SQL<unknown> | Placeholder<...>; }[]': length, pop, push, concat, and 35 more.\nserver/storage.ts(1372,47): error TS2339: Property 'vehicleId' does not exist on type '{}'.\nserver/storage.ts(1373,44): error TS2339: Property 'userId' does not exist on type '{}'.\nserver/storage.ts(1374,54): error TS2339: Property 'desiredStartDate' does not exist on type '{}'.\nserver/storage.ts(1375,52): error TS2339: Property 'desiredEndDate' does not exist on type '{}'.\nserver/storage.ts(1385,15): error TS2769: No overload matches this call.\n  Overload 1 of 2, '(value: { vehicleId: number | SQL<unknown> | Placeholder<string, any>; userId: number | SQL<unknown> | Placeholder<string, any>; desiredStartDate: string | SQL<...> | Placeholder<...>; desiredEndDate: string | ... 1 more ... | Placeholder<...>; }): PgInsertBase<...>', gave the following error.\n    Argument of type '{}' is not assignable to parameter of type '{ vehicleId: number | SQL<unknown> | Placeholder<string, any>; userId: number | SQL<unknown> | Placeholder<string, any>; desiredStartDate: string | SQL<...> | Placeholder<...>; desiredEndDate: string | ... 1 more ... | Placeholder<...>; }'.\n      Type '{}' is missing the following properties from type '{ vehicleId: number | SQL<unknown> | Placeholder<string, any>; userId: number | SQL<unknown> | Placeholder<string, any>; desiredStartDate: string | SQL<...> | Placeholder<...>; desiredEndDate: string | ... 1 more ... | Placeholder<...>; }': vehicleId, userId, desiredStartDate, desiredEndDate\n  Overload 2 of 2, '(values: { vehicleId: number | SQL<unknown> | Placeholder<string, any>; userId: number | SQL<unknown> | Placeholder<string, any>; desiredStartDate: string | SQL<...> | Placeholder<...>; desiredEndDate: string | ... 1 more ... | Placeholder<...>; }[]): PgInsertBase<...>', gave the following error.\n    Argument of type '{}' is not assignable to parameter of type '{ vehicleId: number | SQL<unknown> | Placeholder<string, any>; userId: number | SQL<unknown> | Placeholder<string, any>; desiredStartDate: string | SQL<...> | Placeholder<...>; desiredEndDate: string | ... 1 more ... | Placeholder<...>; }[]'.\n      Type '{}' is missing the following properties from type '{ vehicleId: number | SQL<unknown> | Placeholder<string, any>; userId: number | SQL<unknown> | Placeholder<string, any>; desiredStartDate: string | SQL<...> | Placeholder<...>; desiredEndDate: string | ... 1 more ... | Placeholder<...>; }[]': length, pop, push, concat, and 35 more.\nserver/storage.ts(1393,14): error TS2353: Object literal may only specify known properties, and 'isActive' does not exist in type '{ vehicleId?: number | SQL<unknown> | PgColumn<ColumnBaseConfig<ColumnDataType, string>, {}, {}>; userId?: number | SQL<unknown> | PgColumn<...>; desiredStartDate?: string | ... 1 more ... | PgColumn<...>; desiredEndDate?: string | ... 1 more ... | PgColumn<...>; }'.\nserver/storage.ts(1398,9): error TS2393: Duplicate function implementation.\nserver/storage.ts(1434,15): error TS2769: No overload matches this call.\n  Overload 1 of 2, '(value: { referralCode: string | SQL<unknown> | Placeholder<string, any>; referrerId: number | SQL<unknown> | Placeholder<string, any>; }): PgInsertBase<PgTableWithColumns<{ name: \"referrals\"; schema: undefined; columns: { ...; }; dialect: \"pg\"; }>, ... 4 more ..., never>', gave the following error.\n    Argument of type '{}' is not assignable to parameter of type '{ referralCode: string | SQL<unknown> | Placeholder<string, any>; referrerId: number | SQL<unknown> | Placeholder<string, any>; }'.\n      Type '{}' is missing the following properties from type '{ referralCode: string | SQL<unknown> | Placeholder<string, any>; referrerId: number | SQL<unknown> | Placeholder<string, any>; }': referralCode, referrerId\n  Overload 2 of 2, '(values: { referralCode: string | SQL<unknown> | Placeholder<string, any>; referrerId: number | SQL<unknown> | Placeholder<string, any>; }[]): PgInsertBase<PgTableWithColumns<{ name: \"referrals\"; schema: undefined; columns: { ...; }; dialect: \"pg\"; }>, ... 4 more ..., never>', gave the following error.\n    Argument of type '{}' is not assignable to parameter of type '{ referralCode: string | SQL<unknown> | Placeholder<string, any>; referrerId: number | SQL<unknown> | Placeholder<string, any>; }[]'.\n      Type '{}' is missing the following properties from type '{ referralCode: string | SQL<unknown> | Placeholder<string, any>; referrerId: number | SQL<unknown> | Placeholder<string, any>; }[]': length, pop, push, concat, and 35 more.\nserver/storage.ts(1469,15): error TS2769: No overload matches this call.\n  Overload 1 of 2, '(value: { userId: number | SQL<unknown> | Placeholder<string, any>; }): PgInsertBase<PgTableWithColumns<{ name: \"user_rewards\"; schema: undefined; columns: { id: PgColumn<{ name: \"id\"; tableName: \"user_rewards\"; ... 12 more ...; generated: undefined; }, {}, {}>; ... 7 more ...; updatedAt: PgColumn<...>; }; dialect: \"pg\"; }>, ... 4 more ..., never>', gave the following error.\n    Argument of type '{}' is not assignable to parameter of type '{ userId: number | SQL<unknown> | Placeholder<string, any>; }'.\n      Property 'userId' is missing in type '{}' but required in type '{ userId: number | SQL<unknown> | Placeholder<string, any>; }'.\n  Overload 2 of 2, '(values: { userId: number | SQL<unknown> | Placeholder<string, any>; }[]): PgInsertBase<PgTableWithColumns<{ name: \"user_rewards\"; schema: undefined; columns: { id: PgColumn<{ name: \"id\"; tableName: \"user_rewards\"; ... 12 more ...; generated: undefined; }, {}, {}>; ... 7 more ...; updatedAt: PgColumn<...>; }; dialect: \"pg\"; }>, ... 4 more ..., never>', gave the following error.\n    Argument of type '{}' is not assignable to parameter of type '{ userId: number | SQL<unknown> | Placeholder<string, any>; }[]'.\n      Type '{}' is missing the following properties from type '{ userId: number | SQL<unknown> | Placeholder<string, any>; }[]': length, pop, push, concat, and 35 more.\nserver/storage.ts(1486,15): error TS2769: No overload matches this call.\n  Overload 1 of 2, '(value: { type: string | SQL<unknown> | Placeholder<string, any>; source: string | SQL<unknown> | Placeholder<string, any>; points: number | SQL<unknown> | Placeholder<...>; userId: number | ... 1 more ... | Placeholder<...>; }): PgInsertBase<...>', gave the following error.\n    Argument of type '{}' is not assignable to parameter of type '{ type: string | SQL<unknown> | Placeholder<string, any>; source: string | SQL<unknown> | Placeholder<string, any>; points: number | SQL<unknown> | Placeholder<string, any>; userId: number | ... 1 more ... | Placeholder<...>; }'.\n      Type '{}' is missing the following properties from type '{ type: string | SQL<unknown> | Placeholder<string, any>; source: string | SQL<unknown> | Placeholder<string, any>; points: number | SQL<unknown> | Placeholder<string, any>; userId: number | ... 1 more ... | Placeholder<...>; }': type, source, points, userId\n  Overload 2 of 2, '(values: { type: string | SQL<unknown> | Placeholder<string, any>; source: string | SQL<unknown> | Placeholder<string, any>; points: number | SQL<unknown> | Placeholder<...>; userId: number | ... 1 more ... | Placeholder<...>; }[]): PgInsertBase<...>', gave the following error.\n    Argument of type '{}' is not assignable to parameter of type '{ type: string | SQL<unknown> | Placeholder<string, any>; source: string | SQL<unknown> | Placeholder<string, any>; points: number | SQL<unknown> | Placeholder<string, any>; userId: number | ... 1 more ... | Placeholder<...>; }[]'.\n      Type '{}' is missing the following properties from type '{ type: string | SQL<unknown> | Placeholder<string, any>; source: string | SQL<unknown> | Placeholder<string, any>; points: number | SQL<unknown> | Placeholder<string, any>; userId: number | ... 1 more ... | Placeholder<...>; }[]': length, pop, push, concat, and 35 more.\nserver/storage.ts(1490,66): error TS2339: Property 'userId' does not exist on type '{}'.\nserver/storage.ts(1493,65): error TS2339: Property 'points' does not exist on type '{}'.\nserver/storage.ts(1494,40): error TS2339: Property 'type' does not exist on type '{}'.\nserver/storage.ts(1495,56): error TS2339: Property 'points' does not exist on type '{}'.\nserver/storage.ts(1496,65): error TS2339: Property 'points' does not exist on type '{}'.\nserver/storage.ts(1497,35): error TS2339: Property 'type' does not exist on type '{}'.\nserver/storage.ts(1498,60): error TS2339: Property 'points' does not exist on type '{}'.\nserver/storage.ts(1501,48): error TS2339: Property 'userId' does not exist on type '{}'.\nserver/storage.ts(1509,29): error TS2339: Property 'userId' does not exist on type '{}'.\nserver/storage.ts(1510,34): error TS2339: Property 'points' does not exist on type '{}'.\nserver/storage.ts(1511,38): error TS2339: Property 'type' does not exist on type '{}'.\nserver/storage.ts(1511,70): error TS2339: Property 'points' does not exist on type '{}'.\nserver/storage.ts(1512,33): error TS2339: Property 'type' does not exist on type '{}'.\nserver/storage.ts(1512,72): error TS2339: Property 'points' does not exist on type '{}'.\nserver/storage.ts(1570,15): error TS2769: No overload matches this call.\n  Overload 1 of 2, '(value: { userId: number | SQL<unknown> | Placeholder<string, any>; activityType: string | SQL<unknown> | Placeholder<string, any>; }): PgInsertBase<PgTableWithColumns<{ name: \"user_activity\"; schema: undefined; columns: { ...; }; dialect: \"pg\"; }>, ... 4 more ..., never>', gave the following error.\n    Argument of type '{}' is not assignable to parameter of type '{ userId: number | SQL<unknown> | Placeholder<string, any>; activityType: string | SQL<unknown> | Placeholder<string, any>; }'.\n      Type '{}' is missing the following properties from type '{ userId: number | SQL<unknown> | Placeholder<string, any>; activityType: string | SQL<unknown> | Placeholder<string, any>; }': userId, activityType\n  Overload 2 of 2, '(values: { userId: number | SQL<unknown> | Placeholder<string, any>; activityType: string | SQL<unknown> | Placeholder<string, any>; }[]): PgInsertBase<PgTableWithColumns<{ name: \"user_activity\"; schema: undefined; columns: { ...; }; dialect: \"pg\"; }>, ... 4 more ..., never>', gave the following error.\n    Argument of type '{}' is not assignable to parameter of type '{ userId: number | SQL<unknown> | Placeholder<string, any>; activityType: string | SQL<unknown> | Placeholder<string, any>; }[]'.\n      Type '{}' is missing the following properties from type '{ userId: number | SQL<unknown> | Placeholder<string, any>; activityType: string | SQL<unknown> | Placeholder<string, any>; }[]': length, pop, push, concat, and 35 more.\nserver/storage.ts(1701,9): error TS2393: Duplicate function implementation.\nserver/storage.ts(1741,7): error TS2740: Type 'Omit<PgSelectBase<\"users\", { id: PgColumn<{ name: \"id\"; tableName: \"users\"; dataType: \"number\"; columnType: \"PgSerial\"; data: number; driverParam: number; notNull: true; hasDefault: true; isPrimaryKey: true; isAutoincrement: false; ... 4 more ...; generated: undefined; }, {}, {}>; ... 31 more ...; updatedAt: PgColum...' is missing the following properties from type 'PgSelectBase<\"users\", { id: PgColumn<{ name: \"id\"; tableName: \"users\"; dataType: \"number\"; columnType: \"PgSerial\"; data: number; driverParam: number; notNull: true; hasDefault: true; isPrimaryKey: true; isAutoincrement: false; ... 4 more ...; generated: undefined; }, {}, {}>; ... 31 more ...; updatedAt: PgColumn<......': config, joinsNotNullableMap, tableName, isPartialSelect, and 5 more.\nserver/storage.ts(1742,7): error TS2740: Type 'Omit<PgSelectBase<\"users\", { count: SQL<number>; }, \"partial\", Record<\"users\", \"not-null\">, false, \"where\", { count: number; }[], { count: DrizzleTypeError<\"You cannot reference this field without assigning it an alias first - use `.as(<alias>)`\">; }>, \"where\">' is missing the following properties from type 'PgSelectBase<\"users\", { count: SQL<number>; }, \"partial\", Record<\"users\", \"not-null\">, false, never, { count: number; }[], { count: DrizzleTypeError<\"You cannot reference this field without assigning it an alias first - use `.as(<alias>)`\">; }>': config, joinsNotNullableMap, tableName, isPartialSelect, and 5 more.\nserver/storage.ts(1770,9): error TS2393: Duplicate function implementation.\nserver/storage.ts(1773,23): error TS2353: Object literal may only specify known properties, and 'updatedAt' does not exist in type '{ name?: string | SQL<unknown> | PgColumn<ColumnBaseConfig<ColumnDataType, string>, {}, {}>; email?: string | SQL<unknown> | PgColumn<ColumnBaseConfig<ColumnDataType, string>, {}, {}>; password?: string | ... 1 more ... | PgColumn<...>; }'.\nserver/storage.ts(1819,7): error TS2740: Type 'Omit<PgSelectBase<\"bookings\", { count: SQL<number>; }, \"partial\", Record<\"bookings\", \"not-null\"> & { vehicles: \"nullable\"; } & { users: \"nullable\"; }, false, never, { count: number; }[], { ...; }>, never>' is missing the following properties from type 'PgSelectBase<\"bookings\", { count: SQL<number>; }, \"partial\", Record<\"bookings\", \"not-null\">, false, never, { count: number; }[], { count: DrizzleTypeError<\"You cannot reference this field without assigning it an alias first - use `.as(<alias>)`\">; }>': config, joinsNotNullableMap, tableName, isPartialSelect, and 4 more.\nserver/storage.ts(1834,7): error TS2741: Property 'where' is missing in type 'Omit<import(\"/home/runner/workspace/node_modules/drizzle-orm/pg-core/query-builders/select\").PgSelectBase<\"bookings\", Record<\"bookings\", { id: import(\"/home/runner/workspace/node_modules/drizzle-orm/pg-core/columns/common\").PgColumn<{ name: \"id\"; tableName: \"bookings\"; dataType: \"number\"; columnType: \"PgSerial\"; dat...' but required in type 'Omit<import(\"/home/runner/workspace/node_modules/drizzle-orm/pg-core/query-builders/select\").PgSelectBase<\"bookings\", Record<\"bookings\", { id: import(\"/home/runner/workspace/node_modules/drizzle-orm/pg-core/columns/common\").PgColumn<{ name: \"id\"; tableName: \"bookings\"; dataType: \"number\"; columnType: \"PgSerial\"; dat...'.\nserver/storage.ts(1835,7): error TS2740: Type 'Omit<PgSelectBase<\"bookings\", { count: SQL<number>; }, \"partial\", Record<\"bookings\", \"not-null\">, false, \"where\", { count: number; }[], { count: DrizzleTypeError<\"You cannot reference this field without assigning it an alias first - use `.as(<alias>)`\">; }>, \"where\">' is missing the following properties from type 'PgSelectBase<\"bookings\", { count: SQL<number>; }, \"partial\", Record<\"bookings\", \"not-null\">, false, never, { count: number; }[], { count: DrizzleTypeError<\"You cannot reference this field without assigning it an alias first - use `.as(<alias>)`\">; }>': config, joinsNotNullableMap, tableName, isPartialSelect, and 5 more.\nserver/storage.ts(1843,33): error TS2352: Conversion of type '{ vehicle: { owner: { id: number; name: string; email: string; password: string; phone: string; role: string; avatar: string; isOwner: boolean; isRenter: boolean; isVerified: boolean; rating: string; totalRentals: number; ... 20 more ...; updatedAt: Date; }; ... 35 more ...; updatedAt: Date; }; ... 14 more ...; upda...' to type 'BookingWithDetails[]' may be a mistake because neither type sufficiently overlaps with the other. If this was intentional, convert the expression to 'unknown' first.\n  Type '{ vehicle: { owner: { id: number; name: string; email: string; password: string; phone: string; role: string; avatar: string; isOwner: boolean; isRenter: boolean; isVerified: boolean; rating: string; totalRentals: number; ... 20 more ...; updatedAt: Date; }; ... 35 more ...; updatedAt: Date; }; ... 14 more ...; upda...' is not comparable to type 'BookingWithDetails'.\n    Type '{ vehicle: { owner: { id: number; name: string; email: string; password: string; phone: string; role: string; avatar: string; isOwner: boolean; isRenter: boolean; isVerified: boolean; rating: string; totalRentals: number; ... 20 more ...; updatedAt: Date; }; ... 35 more ...; updatedAt: Date; }; ... 14 more ...; upda...' is missing the following properties from type '{ vehicle: { id: number; brand: string; isVerified: boolean; rating: string; location: string; createdAt: Date; updatedAt: Date; ownerId: number; model: string; year: number; color: string; ... 24 more ...; highlightUsageCount: number; }; renter: { ...; }; owner: { ...; }; }': renter, owner\nserver/storage.ts(1873,12): error TS2352: Conversion of type '{ vehicle: { owner: { id: number; name: string; email: string; password: string; phone: string; role: string; avatar: string; isOwner: boolean; isRenter: boolean; isVerified: boolean; rating: string; totalRentals: number; ... 20 more ...; updatedAt: Date; }; ... 35 more ...; updatedAt: Date; }; ... 14 more ...; upda...' to type 'BookingWithDetails' may be a mistake because neither type sufficiently overlaps with the other. If this was intentional, convert the expression to 'unknown' first.\n  Type '{ vehicle: { owner: { id: number; name: string; email: string; password: string; phone: string; role: string; avatar: string; isOwner: boolean; isRenter: boolean; isVerified: boolean; rating: string; totalRentals: number; ... 20 more ...; updatedAt: Date; }; ... 35 more ...; updatedAt: Date; }; ... 14 more ...; upda...' is missing the following properties from type '{ vehicle: { id: number; brand: string; isVerified: boolean; rating: string; location: string; createdAt: Date; updatedAt: Date; ownerId: number; model: string; year: number; color: string; ... 24 more ...; highlightUsageCount: number; }; renter: { ...; }; owner: { ...; }; }': renter, owner\nserver/storage.ts(1885,14): error TS2353: Object literal may only specify known properties, and 'status' does not exist in type '{ ownerId?: number | SQL<unknown> | PgColumn<ColumnBaseConfig<ColumnDataType, string>, {}, {}>; vehicleId?: number | SQL<unknown> | PgColumn<...>; renterId?: number | ... 1 more ... | PgColumn<...>; startDate?: Date | ... 1 more ... | PgColumn<...>; endDate?: Date | ... 1 more ... | PgColumn<...>; totalPrice?: strin...'.\nserver/storage.ts(1920,8): error TS2769: No overload matches this call.\n  Overload 1 of 2, '(value: { bookingId: number | SQL<unknown> | Placeholder<string, any>; contractNumber: string | SQL<unknown> | Placeholder<string, any>; contractData: SQL<...> | Record<...> | Placeholder<...>; }): PgInsertBase<...>', gave the following error.\n    Object literal may only specify known properties, and 'renterSigned' does not exist in type '{ bookingId: number | SQL<unknown> | Placeholder<string, any>; contractNumber: string | SQL<unknown> | Placeholder<string, any>; contractData: SQL<unknown> | Record<...> | Placeholder<...>; }'.\n  Overload 2 of 2, '(values: { bookingId: number | SQL<unknown> | Placeholder<string, any>; contractNumber: string | SQL<unknown> | Placeholder<string, any>; contractData: SQL<...> | Record<...> | Placeholder<...>; }[]): PgInsertBase<...>', gave the following error.\n    Object literal may only specify known properties, and 'contractNumber' does not exist in type '{ bookingId: number | SQL<unknown> | Placeholder<string, any>; contractNumber: string | SQL<unknown> | Placeholder<string, any>; contractData: SQL<unknown> | Record<...> | Placeholder<...>; }[]'.\nserver/storage.ts(1923,36): error TS2339: Property 'contractData' does not exist on type '{}'.\nserver/storage.ts(1924,36): error TS2339: Property 'renterSignedAt' does not exist on type '{}'.\nserver/storage.ts(1925,35): error TS2339: Property 'ownerSignedAt' does not exist on type '{}'.\nserver/storage.ts(1934,23): error TS2353: Object literal may only specify known properties, and 'updatedAt' does not exist in type '{ bookingId?: number | SQL<unknown> | PgColumn<ColumnBaseConfig<ColumnDataType, string>, {}, {}>; contractNumber?: string | SQL<unknown> | PgColumn<...>; contractData?: SQL<...> | ... 1 more ... | Record<...>; }'.\nserver/storage.ts(1947,9): error TS2393: Duplicate function implementation.\nserver/storage.ts(1955,9): error TS2393: Duplicate function implementation.\nserver/storage.ts(1987,28): error TS2339: Property 'id' does not exist on type '{}'.\nserver/storage.ts(1988,28): error TS2339: Property 'createdAt' does not exist on type '{}'.\nserver/storage.ts(1989,28): error TS2339: Property 'updatedAt' does not exist on type '{}'.\nserver/storage.ts(2025,21): error TS2339: Property 'where' does not exist on type 'Omit<PgSelectBase<\"saved_vehicles\", Record<\"saved_vehicles\", { id: PgColumn<{ name: \"id\"; tableName: \"saved_vehicles\"; dataType: \"number\"; columnType: \"PgSerial\"; data: number; driverParam: number; notNull: true; ... 7 more ...; generated: undefined; }, {}, {}>; ... 8 more ...; updatedAt: PgColumn<...>; }> & Record<...'.\nserver/storage.ts(2047,15): error TS2769: No overload matches this call.\n  Overload 1 of 2, '(value: { vehicleId: number | SQL<unknown> | Placeholder<string, any>; userId: number | SQL<unknown> | Placeholder<string, any>; }): PgInsertBase<PgTableWithColumns<{ name: \"saved_vehicles\"; schema: undefined; columns: { ...; }; dialect: \"pg\"; }>, ... 4 more ..., never>', gave the following error.\n    Argument of type '{}' is not assignable to parameter of type '{ vehicleId: number | SQL<unknown> | Placeholder<string, any>; userId: number | SQL<unknown> | Placeholder<string, any>; }'.\n      Type '{}' is missing the following properties from type '{ vehicleId: number | SQL<unknown> | Placeholder<string, any>; userId: number | SQL<unknown> | Placeholder<string, any>; }': vehicleId, userId\n  Overload 2 of 2, '(values: { vehicleId: number | SQL<unknown> | Placeholder<string, any>; userId: number | SQL<unknown> | Placeholder<string, any>; }[]): PgInsertBase<PgTableWithColumns<{ name: \"saved_vehicles\"; schema: undefined; columns: { ...; }; dialect: \"pg\"; }>, ... 4 more ..., never>', gave the following error.\n    Argument of type '{}' is not assignable to parameter of type '{ vehicleId: number | SQL<unknown> | Placeholder<string, any>; userId: number | SQL<unknown> | Placeholder<string, any>; }[]'.\n      Type '{}' is missing the following properties from type '{ vehicleId: number | SQL<unknown> | Placeholder<string, any>; userId: number | SQL<unknown> | Placeholder<string, any>; }[]': length, pop, push, concat, and 35 more.\nserver/storage.ts(2055,23): error TS2353: Object literal may only specify known properties, and 'updatedAt' does not exist in type '{ vehicleId?: number | SQL<unknown> | PgColumn<ColumnBaseConfig<ColumnDataType, string>, {}, {}>; userId?: number | SQL<unknown> | PgColumn<...>; }'.\nserver/storage.ts(2122,23): error TS2339: Property 'validFrom' does not exist on type '{ description: string; createdBy: number; code: string; discountType: string; discountValue: number; validUntil: Date; }'.\nserver/storage.ts(2122,49): error TS2339: Property 'validFrom' does not exist on type '{ description: string; createdBy: number; code: string; discountType: string; discountValue: number; validUntil: Date; }'.\nserver/storage.ts(2136,16): error TS2339: Property 'validFrom' does not exist on type 'Partial<{ description: string; createdBy: number; code: string; discountType: string; discountValue: number; validUntil: Date; }>'.\nserver/storage.ts(2136,56): error TS2339: Property 'validFrom' does not exist on type 'Partial<{ description: string; createdBy: number; code: string; discountType: string; discountValue: number; validUntil: Date; }>'.\nserver/storage.ts(2208,9): error TS2353: Object literal may only specify known properties, and 'usedCount' does not exist in type '{ description?: string | SQL<unknown> | PgColumn<ColumnBaseConfig<ColumnDataType, string>, {}, {}>; createdBy?: number | SQL<unknown> | PgColumn<...>; code?: string | ... 1 more ... | PgColumn<...>; discountType?: string | ... 1 more ... | PgColumn<...>; discountValue?: number | ... 1 more ... | PgColumn<...>; valid...'.\nserver/storage.ts(2252,23): error TS2353: Object literal may only specify known properties, and 'updatedAt' does not exist in type '{ name?: string | SQL<unknown> | PgColumn<ColumnBaseConfig<ColumnDataType, string>, {}, {}>; maxVehicleListings?: number | SQL<unknown> | PgColumn<...>; displayName?: string | ... 1 more ... | PgColumn<...>; monthlyPrice?: string | ... 1 more ... | PgColumn<...>; annualPrice?: string | ... 1 more ... | PgColumn<...>...'.\nserver/storage.ts(2304,31): error TS2353: Object literal may only specify known properties, and 'updatedAt' does not exist in type '{ userId?: number | SQL<unknown> | PgColumn<ColumnBaseConfig<ColumnDataType, string>, {}, {}>; planId?: number | SQL<unknown> | PgColumn<ColumnBaseConfig<...>, {}, {}>; currentPeriodStart?: Date | ... 1 more ... | PgColumn<...>; currentPeriodEnd?: Date | ... 1 more ... | PgColumn<...>; }'.\nserver/storage.ts(2314,9): error TS2353: Object literal may only specify known properties, and 'status' does not exist in type '{ userId?: number | SQL<unknown> | PgColumn<ColumnBaseConfig<ColumnDataType, string>, {}, {}>; planId?: number | SQL<unknown> | PgColumn<ColumnBaseConfig<...>, {}, {}>; currentPeriodStart?: Date | ... 1 more ... | PgColumn<...>; currentPeriodEnd?: Date | ... 1 more ... | PgColumn<...>; }'.\nserver/storage.ts(2329,9): error TS2353: Object literal may only specify known properties, and 'updatedAt' does not exist in type '{ userId?: number | SQL<unknown> | PgColumn<ColumnBaseConfig<ColumnDataType, string>, {}, {}>; planId?: number | SQL<unknown> | PgColumn<ColumnBaseConfig<...>, {}, {}>; currentPeriodStart?: Date | ... 1 more ... | PgColumn<...>; currentPeriodEnd?: Date | ... 1 more ... | PgColumn<...>; }'.\nserver/storage.ts(2374,9): error TS2353: Object literal may only specify known properties, and 'isHighlighted' does not exist in type '{ brand?: string | SQL<unknown> | PgColumn<ColumnBaseConfig<ColumnDataType, string>, {}, {}>; location?: string | SQL<unknown> | PgColumn<...>; ... 6 more ...; pricePerDay?: string | ... 1 more ... | PgColumn<...>; }'.\nserver/storage.ts(2386,9): error TS2353: Object literal may only specify known properties, and 'highlightsUsed' does not exist in type '{ name?: string | SQL<unknown> | PgColumn<ColumnBaseConfig<ColumnDataType, string>, {}, {}>; email?: string | SQL<unknown> | PgColumn<ColumnBaseConfig<ColumnDataType, string>, {}, {}>; password?: string | ... 1 more ... | PgColumn<...>; }'.\nshared/schema.ts(568,3): error TS2322: Type 'boolean' is not assignable to type 'never'.\nshared/schema.ts(569,3): error TS2322: Type 'boolean' is not assignable to type 'never'.\nshared/schema.ts(570,3): error TS2322: Type 'boolean' is not assignable to type 'never'.\nshared/schema.ts(571,3): error TS2322: Type 'boolean' is not assignable to type 'never'.\nshared/schema.ts(572,3): error TS2322: Type 'boolean' is not assignable to type 'never'.\nshared/schema.ts(576,3): error TS2322: Type 'boolean' is not assignable to type 'never'.\nshared/schema.ts(577,3): error TS2322: Type 'boolean' is not assignable to type 'never'.\nshared/schema.ts(578,3): error TS2322: Type 'boolean' is not assignable to type 'never'.\nshared/schema.ts(579,3): error TS2322: Type 'boolean' is not assignable to type 'never'.\nshared/schema.ts(583,3): error TS2322: Type 'boolean' is not assignable to type 'never'.\nshared/schema.ts(584,3): error TS2322: Type 'boolean' is not assignable to type 'never'.\nshared/schema.ts(585,3): error TS2322: Type 'boolean' is not assignable to type 'never'.\nshared/schema.ts(586,3): error TS2322: Type 'boolean' is not assignable to type 'never'.\nshared/schema.ts(587,3): error TS2322: Type 'boolean' is not assignable to type 'never'.\nshared/schema.ts(613,3): error TS2322: Type 'boolean' is not assignable to type 'never'.\nshared/schema.ts(614,3): error TS2322: Type 'boolean' is not assignable to type 'never'.\nshared/schema.ts(615,3): error TS2322: Type 'boolean' is not assignable to type 'never'.\nshared/schema.ts(619,3): error TS2322: Type 'boolean' is not assignable to type 'never'.\nshared/schema.ts(620,3): error TS2322: Type 'boolean' is not assignable to type 'never'.\nshared/schema.ts(624,3): error TS2322: Type 'boolean' is not assignable to type 'never'.\nshared/schema.ts(625,3): error TS2322: Type 'boolean' is not assignable to type 'never'.\nshared/schema.ts(629,3): error TS2322: Type 'boolean' is not assignable to type 'never'.\nshared/schema.ts(630,3): error TS2322: Type 'boolean' is not assignable to type 'never'.\nshared/schema.ts(631,3): error TS2322: Type 'boolean' is not assignable to type 'never'.\nshared/schema.ts(635,3): error TS2322: Type 'boolean' is not assignable to type 'never'.\nshared/schema.ts(636,3): error TS2322: Type 'boolean' is not assignable to type 'never'.\nshared/schema.ts(637,3): error TS2322: Type 'boolean' is not assignable to type 'never'.\nshared/schema.ts(641,3): error TS2322: Type 'boolean' is not assignable to type 'never'.\nshared/schema.ts(642,3): error TS2322: Type 'boolean' is not assignable to type 'never'.\nshared/schema.ts(646,3): error TS2322: Type 'boolean' is not assignable to type 'never'.\nshared/schema.ts(647,3): error TS2322: Type 'boolean' is not assignable to type 'never'.\nshared/schema.ts(651,3): error TS2322: Type 'boolean' is not assignable to type 'never'.\nshared/schema.ts(652,3): error TS2322: Type 'boolean' is not assignable to type 'never'.\nshared/schema.ts(653,3): error TS2322: Type 'boolean' is not assignable to type 'never'.\nshared/schema.ts(657,3): error TS2322: Type 'boolean' is not assignable to type 'never'.\nshared/schema.ts(658,3): error TS2322: Type 'boolean' is not assignable to type 'never'.\nshared/schema.ts(659,3): error TS2322: Type 'boolean' is not assignable to type 'never'.\nshared/schema.ts(663,3): error TS2322: Type 'boolean' is not assignable to type 'never'.\nshared/schema.ts(664,3): error TS2322: Type 'boolean' is not assignable to type 'never'.\nshared/schema.ts(668,3): error TS2322: Type 'boolean' is not assignable to type 'never'.\nshared/schema.ts(669,3): error TS2322: Type 'boolean' is not assignable to type 'never'.\nshared/schema.ts(673,3): error TS2322: Type 'boolean' is not assignable to type 'never'.\nshared/schema.ts(674,3): error TS2322: Type 'boolean' is not assignable to type 'never'.\nshared/schema.ts(678,3): error TS2322: Type 'boolean' is not assignable to type 'never'.\nshared/schema.ts(679,3): error TS2322: Type 'boolean' is not assignable to type 'never'.\nshared/schema.ts(683,3): error TS2322: Type 'boolean' is not assignable to type 'never'.\nshared/schema.ts(684,3): error TS2322: Type 'boolean' is not assignable to type 'never'.\nshared/schema.ts(685,3): error TS2322: Type 'boolean' is not assignable to type 'never'.\nshared/schema.ts(689,3): error TS2322: Type 'boolean' is not assignable to type 'never'.\nshared/schema.ts(690,3): error TS2322: Type 'boolean' is not assignable to type 'never'.\nshared/schema.ts(691,3): error TS2322: Type 'boolean' is not assignable to type 'never'.\nshared/schema.ts(692,3): error TS2322: Type 'boolean' is not assignable to type 'never'.\n"
    },
    "tests": null,
    "coverage": null
  },
  "environment": {
    "nodeVersion": "v20.19.3",
    "platform": "linux",
    "arch": "x64"
  }
}